<?xml version="1.0" encoding="UTF-8"?>
<!-- Generated by org.testng.reporters.JUnitXMLReporter -->
<testsuite ignored="0" hostname="APMOSYSLT0333" failures="0" tests="9" name="Test" time="0.159" errors="0" timestamp="2024-11-29T10:05:47 IST">
  <testcase classname="testNG.NG_0A" name="A" time="0.031"/>
  <testcase classname="testNG.NG_0X" name="Z" time="0.035"/>
  <testcase classname="testNG.NG_0A" name="B" time="0.035"/>
  <testcase classname="testNG.NG_0A" name="C" time="0.034"/>
  <testcase classname="testNG.NG_0X" name="X" time="0.032"/>
  <testcase classname="testNG.NG_0X" name="X" time="0.003"/>
  <testcase classname="testNG.NG_0X" name="Y" time="0.003"/>
  <testcase classname="testNG.NG_0X" name="Y" time="0.002"/>
  <testcase classname="testNG.NG_0X" name="Y" time="0.006"/>
</testsuite> <!-- Test -->
