<?xml version="1.0" encoding="UTF-8"?>
<testng-results ignored="0" total="9" passed="9" failed="0" skipped="0">
  <reporter-output>
  </reporter-output>
  <suite started-at="2024-11-29T10:05:46 IST" name="Suite" finished-at="2024-11-29T10:05:46 IST" duration-ms="159">
    <groups>
      <group name="reg">
        <method signature="NG_0A.B()[pri:3, instance:testNG.NG_0A@4fb3ee4e]" name="B" class="testNG.NG_0A"/>
        <method signature="NG_0X.Y()[pri:3, instance:testNG.NG_0X@6cd28fa7]" name="Y" class="testNG.NG_0X"/>
      </group> <!-- reg -->
      <group name="smoke">
        <method signature="NG_0A.A()[pri:2, instance:testNG.NG_0A@4fb3ee4e]" name="A" class="testNG.NG_0A"/>
        <method signature="NG_0X.X()[pri:2, instance:testNG.NG_0X@6cd28fa7]" name="X" class="testNG.NG_0X"/>
        <method signature="NG_0A.B()[pri:3, instance:testNG.NG_0A@4fb3ee4e]" name="B" class="testNG.NG_0A"/>
        <method signature="NG_0X.Y()[pri:3, instance:testNG.NG_0X@6cd28fa7]" name="Y" class="testNG.NG_0X"/>
      </group> <!-- smoke -->
      <group name="sanity">
        <method signature="NG_0A.C()[pri:1, instance:testNG.NG_0A@4fb3ee4e]" name="C" class="testNG.NG_0A"/>
        <method signature="NG_0X.Z()[pri:1, instance:testNG.NG_0X@6cd28fa7]" name="Z" class="testNG.NG_0X"/>
        <method signature="NG_0A.B()[pri:3, instance:testNG.NG_0A@4fb3ee4e]" name="B" class="testNG.NG_0A"/>
        <method signature="NG_0X.Y()[pri:3, instance:testNG.NG_0X@6cd28fa7]" name="Y" class="testNG.NG_0X"/>
      </group> <!-- sanity -->
    </groups>
    <test started-at="2024-11-29T10:05:46 IST" name="Test" finished-at="2024-11-29T10:05:46 IST" duration-ms="159">
      <class name="testNG.NG_0X">
        <test-method signature="Z()[pri:1, instance:testNG.NG_0X@6cd28fa7]" started-at="2024-11-29T10:05:46 IST" name="Z" finished-at="2024-11-29T10:05:46 IST" duration-ms="35" status="PASS">
          <reporter-output>
          </reporter-output>
        </test-method> <!-- Z -->
        <test-method signature="X()[pri:2, instance:testNG.NG_0X@6cd28fa7]" started-at="2024-11-29T10:05:46 IST" name="X" finished-at="2024-11-29T10:05:46 IST" duration-ms="32" status="PASS">
          <reporter-output>
          </reporter-output>
        </test-method> <!-- X -->
        <test-method signature="X()[pri:2, instance:testNG.NG_0X@6cd28fa7]" started-at="2024-11-29T10:05:46 IST" name="X" finished-at="2024-11-29T10:05:46 IST" duration-ms="3" status="PASS">
          <reporter-output>
          </reporter-output>
        </test-method> <!-- X -->
        <test-method signature="Y()[pri:3, instance:testNG.NG_0X@6cd28fa7]" started-at="2024-11-29T10:05:46 IST" name="Y" finished-at="2024-11-29T10:05:46 IST" duration-ms="3" status="PASS">
          <reporter-output>
          </reporter-output>
        </test-method> <!-- Y -->
        <test-method signature="Y()[pri:3, instance:testNG.NG_0X@6cd28fa7]" started-at="2024-11-29T10:05:46 IST" name="Y" finished-at="2024-11-29T10:05:46 IST" duration-ms="2" status="PASS">
          <reporter-output>
          </reporter-output>
        </test-method> <!-- Y -->
        <test-method signature="Y()[pri:3, instance:testNG.NG_0X@6cd28fa7]" started-at="2024-11-29T10:05:46 IST" name="Y" finished-at="2024-11-29T10:05:46 IST" duration-ms="6" status="PASS">
          <reporter-output>
          </reporter-output>
        </test-method> <!-- Y -->
      </class> <!-- testNG.NG_0X -->
      <class name="testNG.NG_0A">
        <test-method signature="A()[pri:2, instance:testNG.NG_0A@4fb3ee4e]" started-at="2024-11-29T10:05:46 IST" name="A" description="This is A" finished-at="2024-11-29T10:05:46 IST" duration-ms="31" status="PASS">
          <reporter-output>
          </reporter-output>
        </test-method> <!-- A -->
        <test-method signature="C()[pri:1, instance:testNG.NG_0A@4fb3ee4e]" started-at="2024-11-29T10:05:46 IST" name="C" finished-at="2024-11-29T10:05:46 IST" duration-ms="34" status="PASS">
          <reporter-output>
          </reporter-output>
        </test-method> <!-- C -->
        <test-method signature="B()[pri:3, instance:testNG.NG_0A@4fb3ee4e]" started-at="2024-11-29T10:05:46 IST" name="B" finished-at="2024-11-29T10:05:46 IST" duration-ms="35" status="PASS">
          <reporter-output>
          </reporter-output>
        </test-method> <!-- B -->
      </class> <!-- testNG.NG_0A -->
    </test> <!-- Test -->
  </suite> <!-- Suite -->
</testng-results>
